<?xml version="1.0" encoding="UTF-8"?>
<testsuite name="NasaAPITest" tests="4" skipped="0" failures="1" errors="0" timestamp="2021-11-01T04:08:28" hostname="DELAMULEH" time="16.184">
  <properties/>
  <testcase name="AccessApi" classname="NasaAPITest" time="5.897"/>
  <testcase name="ReadManifestToComparePhotoNumPerDateOfRoversCuriosityAndOpportunity" classname="NasaAPITest" time="5.018">
    <failure message="java.lang.AssertionError: Curiosity (856 photos) has more than 10 times the photos of Opportunity (13 photos)" type="java.lang.AssertionError">java.lang.AssertionError: Curiosity (856 photos) has more than 10 times the photos of Opportunity (13 photos)
	at org.junit.Assert.fail(Assert.java:88)
	at org.junit.Assert.assertTrue(Assert.java:41)
	at NasaAPITest.ReadManifestToComparePhotoNumPerDateOfRoversCuriosityAndOpportunity(NasaAPITest.java:184)
	at sun.reflect.NativeMethodAccessorImpl.invoke0(Native Method)
	at sun.reflect.NativeMethodAccessorImpl.invoke(NativeMethodAccessorImpl.java:62)
	at sun.reflect.DelegatingMethodAccessorImpl.invoke(DelegatingMethodAccessorImpl.java:43)
	at java.lang.reflect.Method.invoke(Method.java:498)
	at org.junit.runners.model.FrameworkMethod$1.runReflectiveCall(FrameworkMethod.java:50)
	at org.junit.internal.runners.model.ReflectiveCallable.run(ReflectiveCallable.java:12)
	at org.junit.runners.model.FrameworkMethod.invokeExplosively(FrameworkMethod.java:47)
	at org.junit.internal.runners.statements.InvokeMethod.evaluate(InvokeMethod.java:17)
	at org.junit.runners.ParentRunner.runLeaf(ParentRunner.java:325)
	at org.junit.runners.BlockJUnit4ClassRunner.runChild(BlockJUnit4ClassRunner.java:78)
	at org.junit.runners.BlockJUnit4ClassRunner.runChild(BlockJUnit4ClassRunner.java:57)
	at org.junit.runners.ParentRunner$3.run(ParentRunner.java:290)
	at org.junit.runners.ParentRunner$1.schedule(ParentRunner.java:71)
	at org.junit.runners.ParentRunner.runChildren(ParentRunner.java:288)
	at org.junit.runners.ParentRunner.access$000(ParentRunner.java:58)
	at org.junit.runners.ParentRunner$2.evaluate(ParentRunner.java:268)
	at org.junit.internal.runners.statements.RunBefores.evaluate(RunBefores.java:26)
	at org.junit.runners.ParentRunner.run(ParentRunner.java:363)
	at org.gradle.api.internal.tasks.testing.junit.JUnitTestClassExecutor.runTestClass(JUnitTestClassExecutor.java:110)
	at org.gradle.api.internal.tasks.testing.junit.JUnitTestClassExecutor.execute(JUnitTestClassExecutor.java:58)
	at org.gradle.api.internal.tasks.testing.junit.JUnitTestClassExecutor.execute(JUnitTestClassExecutor.java:38)
	at org.gradle.api.internal.tasks.testing.junit.AbstractJUnitTestClassProcessor.processTestClass(AbstractJUnitTestClassProcessor.java:62)
	at org.gradle.api.internal.tasks.testing.SuiteTestClassProcessor.processTestClass(SuiteTestClassProcessor.java:51)
	at sun.reflect.NativeMethodAccessorImpl.invoke0(Native Method)
	at sun.reflect.NativeMethodAccessorImpl.invoke(NativeMethodAccessorImpl.java:62)
	at sun.reflect.DelegatingMethodAccessorImpl.invoke(DelegatingMethodAccessorImpl.java:43)
	at java.lang.reflect.Method.invoke(Method.java:498)
	at org.gradle.internal.dispatch.ReflectionDispatch.dispatch(ReflectionDispatch.java:36)
	at org.gradle.internal.dispatch.ReflectionDispatch.dispatch(ReflectionDispatch.java:24)
	at org.gradle.internal.dispatch.ContextClassLoaderDispatch.dispatch(ContextClassLoaderDispatch.java:33)
	at org.gradle.internal.dispatch.ProxyDispatchAdapter$DispatchingInvocationHandler.invoke(ProxyDispatchAdapter.java:94)
	at com.sun.proxy.$Proxy2.processTestClass(Unknown Source)
	at org.gradle.api.internal.tasks.testing.worker.TestWorker.processTestClass(TestWorker.java:121)
	at sun.reflect.NativeMethodAccessorImpl.invoke0(Native Method)
	at sun.reflect.NativeMethodAccessorImpl.invoke(NativeMethodAccessorImpl.java:62)
	at sun.reflect.DelegatingMethodAccessorImpl.invoke(DelegatingMethodAccessorImpl.java:43)
	at java.lang.reflect.Method.invoke(Method.java:498)
	at org.gradle.internal.dispatch.ReflectionDispatch.dispatch(ReflectionDispatch.java:36)
	at org.gradle.internal.dispatch.ReflectionDispatch.dispatch(ReflectionDispatch.java:24)
	at org.gradle.internal.remote.internal.hub.MessageHubBackedObjectConnection$DispatchWrapper.dispatch(MessageHubBackedObjectConnection.java:182)
	at org.gradle.internal.remote.internal.hub.MessageHubBackedObjectConnection$DispatchWrapper.dispatch(MessageHubBackedObjectConnection.java:164)
	at org.gradle.internal.remote.internal.hub.MessageHub$Handler.run(MessageHub.java:414)
	at org.gradle.internal.concurrent.ExecutorPolicy$CatchAndRecordFailures.onExecute(ExecutorPolicy.java:64)
	at org.gradle.internal.concurrent.ManagedExecutorImpl$1.run(ManagedExecutorImpl.java:48)
	at java.util.concurrent.ThreadPoolExecutor.runWorker(ThreadPoolExecutor.java:1149)
	at java.util.concurrent.ThreadPoolExecutor$Worker.run(ThreadPoolExecutor.java:624)
	at org.gradle.internal.concurrent.ThreadFactoryImpl$ManagedThreadRunnable.run(ThreadFactoryImpl.java:56)
	at java.lang.Thread.run(Thread.java:748)
</failure>
  </testcase>
  <testcase name="CheckCuriosityPhotosfromSolesAndEarthDateResultsAreEqual" classname="NasaAPITest" time="1.897"/>
  <testcase name="ReadManifestToComparePhotoNumPerDateOfRoversCuriosityAndSpirit" classname="NasaAPITest" time="3.371"/>
  <system-out><![CDATA[AccessApi
2021-11-01
ReadManifestToComparePhotoNumPerDateOfRoversCuriosityAndOpportunity
Request method:	GET
Request URI:	https://api.nasa.gov/mars-photos/api/v1/manifests/curiosity?api_key=HFs06qDVddtuKbod1oM0b5HmvVYH2aJF2PhXvLMj
Proxy:			<none>
Request params:	api_key=HFs06qDVddtuKbod1oM0b5HmvVYH2aJF2PhXvLMj
Query params:	<none>
Form params:	<none>
Path params:	<none>
Headers:		Accept=*/*
Cookies:		<none>
Multiparts:		<none>
Body:			<none>
Request method:	GET
Request URI:	https://api.nasa.gov/mars-photos/api/v1/manifests/opportunity?api_key=HFs06qDVddtuKbod1oM0b5HmvVYH2aJF2PhXvLMj
Proxy:			<none>
Request params:	api_key=HFs06qDVddtuKbod1oM0b5HmvVYH2aJF2PhXvLMj
Query params:	<none>
Form params:	<none>
Path params:	<none>
Headers:		Accept=*/*
Cookies:		<none>
Multiparts:		<none>
Body:			<none>
The Date of Sol day 1000 is: 2015-05-30
CheckCuriosityPhotosfromSolesAndEarthDateResultsAreEqual
ReadManifestToComparePhotoNumPerDateOfRoversCuriosityAndSpirit
Request method:	GET
Request URI:	https://api.nasa.gov/mars-photos/api/v1/manifests/curiosity?api_key=HFs06qDVddtuKbod1oM0b5HmvVYH2aJF2PhXvLMj
Proxy:			<none>
Request params:	api_key=HFs06qDVddtuKbod1oM0b5HmvVYH2aJF2PhXvLMj
Query params:	<none>
Form params:	<none>
Path params:	<none>
Headers:		Accept=*/*
Cookies:		<none>
Multiparts:		<none>
Body:			<none>
Request method:	GET
Request URI:	https://api.nasa.gov/mars-photos/api/v1/manifests/spirit?api_key=HFs06qDVddtuKbod1oM0b5HmvVYH2aJF2PhXvLMj
Proxy:			<none>
Request params:	api_key=HFs06qDVddtuKbod1oM0b5HmvVYH2aJF2PhXvLMj
Query params:	<none>
Form params:	<none>
Path params:	<none>
Headers:		Accept=*/*
Cookies:		<none>
Multiparts:		<none>
Body:			<none>
The Date of Sol day 1000 is: 2015-05-30
Spirit does not have photos of day (2015-05-30).
]]></system-out>
  <system-err><![CDATA[]]></system-err>
</testsuite>
